kotlin version: 2.0.21
error message: org.jetbrains.kotlin.backend.common.BackendException: Backend Internal error: Exception during IR lowering
File being compiled: /Users/omar-kader/Desktop/Compose/AppForWatch/shared/src/main/java/com/ramo/shared/WindowConfig.kt
The root cause java.lang.RuntimeException was thrown at: org.jetbrains.kotlin.backend.jvm.codegen.FunctionCodegen.generate(FunctionCodegen.kt:47)
	at org.jetbrains.kotlin.backend.common.CodegenUtil.reportBackendException(CodegenUtil.kt:253)
	at org.jetbrains.kotlin.backend.common.CodegenUtil.reportBackendException$default(CodegenUtil.kt:236)
	at org.jetbrains.kotlin.backend.common.phaser.PerformByIrFilePhase.invokeSequential(performByIrFile.kt:65)
	at org.jetbrains.kotlin.backend.common.phaser.PerformByIrFilePhase.invoke(performByIrFile.kt:52)
	at org.jetbrains.kotlin.backend.common.phaser.PerformByIrFilePhase.invoke(performByIrFile.kt:38)
	at org.jetbrains.kotlin.backend.common.phaser.NamedCompilerPhase.phaseBody(CompilerPhase.kt:166)
	at org.jetbrains.kotlin.backend.common.phaser.AbstractNamedCompilerPhase.invoke(CompilerPhase.kt:113)
	at org.jetbrains.kotlin.backend.common.phaser.CompositePhase.invoke(PhaseBuilders.kt:27)
	at org.jetbrains.kotlin.backend.common.phaser.CompositePhase.invoke(PhaseBuilders.kt:14)
	at org.jetbrains.kotlin.backend.common.phaser.NamedCompilerPhase.phaseBody(CompilerPhase.kt:166)
	at org.jetbrains.kotlin.backend.common.phaser.AbstractNamedCompilerPhase.invoke(CompilerPhase.kt:113)
	at org.jetbrains.kotlin.backend.common.phaser.CompilerPhaseKt.invokeToplevel(CompilerPhase.kt:62)
	at org.jetbrains.kotlin.backend.jvm.JvmIrCodegenFactory.invokeCodegen(JvmIrCodegenFactory.kt:371)
	at org.jetbrains.kotlin.codegen.CodegenFactory.generateModule(CodegenFactory.kt:47)
	at org.jetbrains.kotlin.backend.jvm.JvmIrCodegenFactory.generateModuleInFrontendIRMode(JvmIrCodegenFactory.kt:433)
	at org.jetbrains.kotlin.cli.jvm.compiler.pipeline.JvmCompilerPipelineKt.generateCodeFromIr(jvmCompilerPipeline.kt:246)
	at org.jetbrains.kotlin.cli.jvm.compiler.pipeline.JvmCompilerPipelineKt.compileModulesUsingFrontendIrAndLightTree(jvmCompilerPipeline.kt:142)
	at org.jetbrains.kotlin.cli.jvm.K2JVMCompiler.doExecute(K2JVMCompiler.kt:148)
	at org.jetbrains.kotlin.cli.jvm.K2JVMCompiler.doExecute(K2JVMCompiler.kt:43)
	at org.jetbrains.kotlin.cli.common.CLICompiler.execImpl(CLICompiler.kt:103)
	at org.jetbrains.kotlin.cli.common.CLICompiler.execImpl(CLICompiler.kt:49)
	at org.jetbrains.kotlin.cli.common.CLITool.exec(CLITool.kt:101)
	at org.jetbrains.kotlin.incremental.IncrementalJvmCompilerRunner.runCompiler(IncrementalJvmCompilerRunner.kt:464)
	at org.jetbrains.kotlin.incremental.IncrementalJvmCompilerRunner.runCompiler(IncrementalJvmCompilerRunner.kt:73)
	at org.jetbrains.kotlin.incremental.IncrementalCompilerRunner.doCompile(IncrementalCompilerRunner.kt:506)
	at org.jetbrains.kotlin.incremental.IncrementalCompilerRunner.compileImpl(IncrementalCompilerRunner.kt:423)
	at org.jetbrains.kotlin.incremental.IncrementalCompilerRunner.compileNonIncrementally(IncrementalCompilerRunner.kt:301)
	at org.jetbrains.kotlin.incremental.IncrementalCompilerRunner.compile(IncrementalCompilerRunner.kt:129)
	at org.jetbrains.kotlin.daemon.CompileServiceImplBase.execIncrementalCompiler(CompileServiceImpl.kt:675)
	at org.jetbrains.kotlin.daemon.CompileServiceImplBase.access$execIncrementalCompiler(CompileServiceImpl.kt:92)
	at org.jetbrains.kotlin.daemon.CompileServiceImpl.compile(CompileServiceImpl.kt:1660)
	at java.base/jdk.internal.reflect.DirectMethodHandleAccessor.invoke(Unknown Source)
	at java.base/java.lang.reflect.Method.invoke(Unknown Source)
	at java.rmi/sun.rmi.server.UnicastServerRef.dispatch(Unknown Source)
	at java.rmi/sun.rmi.transport.Transport$1.run(Unknown Source)
	at java.rmi/sun.rmi.transport.Transport$1.run(Unknown Source)
	at java.base/java.security.AccessController.doPrivileged(Unknown Source)
	at java.rmi/sun.rmi.transport.Transport.serviceCall(Unknown Source)
	at java.rmi/sun.rmi.transport.tcp.TCPTransport.handleMessages(Unknown Source)
	at java.rmi/sun.rmi.transport.tcp.TCPTransport$ConnectionHandler.run0(Unknown Source)
	at java.rmi/sun.rmi.transport.tcp.TCPTransport$ConnectionHandler.lambda$run$0(Unknown Source)
	at java.base/java.security.AccessController.doPrivileged(Unknown Source)
	at java.rmi/sun.rmi.transport.tcp.TCPTransport$ConnectionHandler.run(Unknown Source)
	at java.base/java.util.concurrent.ThreadPoolExecutor.runWorker(Unknown Source)
	at java.base/java.util.concurrent.ThreadPoolExecutor$Worker.run(Unknown Source)
	at java.base/java.lang.Thread.run(Unknown Source)
Caused by: java.lang.RuntimeException: Exception while generating code for:
FUN name:rememberScreenConfig visibility:public modality:FINAL <> () returnType:com.ramo.shared.ScreenConfig
  annotations:
    Composable
  BLOCK_BODY
    VAR name:windowInfo type:androidx.compose.ui.platform.WindowInfo [val]
      CALL 'public final fun <get-current> (): T of androidx.compose.runtime.CompositionLocal [inline] declared in androidx.compose.runtime.CompositionLocal' type=androidx.compose.ui.platform.WindowInfo origin=GET_PROPERTY
        $this: TYPE_OP type=androidx.compose.runtime.CompositionLocal<T of androidx.compose.runtime.CompositionLocal> origin=IMPLICIT_CAST typeOperand=androidx.compose.runtime.CompositionLocal<T of androidx.compose.runtime.CompositionLocal>
          CALL 'public final fun <get-LocalWindowInfo> (): androidx.compose.runtime.ProvidableCompositionLocal<androidx.compose.ui.platform.WindowInfo> declared in androidx.compose.ui.platform.CompositionLocalsKt' type=androidx.compose.runtime.ProvidableCompositionLocal<androidx.compose.ui.platform.WindowInfo> origin=GET_PROPERTY
    VAR name:density type:androidx.compose.ui.unit.Density [val]
      CALL 'public final fun <get-current> (): T of androidx.compose.runtime.CompositionLocal [inline] declared in androidx.compose.runtime.CompositionLocal' type=androidx.compose.ui.unit.Density origin=GET_PROPERTY
        $this: TYPE_OP type=androidx.compose.runtime.CompositionLocal<T of androidx.compose.runtime.CompositionLocal> origin=IMPLICIT_CAST typeOperand=androidx.compose.runtime.CompositionLocal<T of androidx.compose.runtime.CompositionLocal>
          CALL 'public final fun <get-LocalDensity> (): androidx.compose.runtime.ProvidableCompositionLocal<androidx.compose.ui.unit.Density> declared in androidx.compose.ui.platform.CompositionLocalsKt' type=androidx.compose.runtime.ProvidableCompositionLocal<androidx.compose.ui.unit.Density> origin=GET_PROPERTY
    VAR name:activity type:android.app.Activity? [val]
      CALL 'public final fun <get-current> (): T of androidx.compose.runtime.CompositionLocal [inline] declared in androidx.compose.runtime.CompositionLocal' type=android.app.Activity? origin=GET_PROPERTY
        $this: TYPE_OP type=androidx.compose.runtime.CompositionLocal<T of androidx.compose.runtime.CompositionLocal> origin=IMPLICIT_CAST typeOperand=androidx.compose.runtime.CompositionLocal<T of androidx.compose.runtime.CompositionLocal>
          CALL 'public final fun <get-LocalActivity> (): androidx.compose.runtime.ProvidableCompositionLocal<android.app.Activity?> declared in androidx.activity.compose.LocalActivityKt' type=androidx.compose.runtime.ProvidableCompositionLocal<android.app.Activity?> origin=GET_PROPERTY
    VAR name:config type:android.content.res.Configuration [val]
      CALL 'public final fun <get-current> (): T of androidx.compose.runtime.CompositionLocal [inline] declared in androidx.compose.runtime.CompositionLocal' type=android.content.res.Configuration origin=GET_PROPERTY
        $this: TYPE_OP type=androidx.compose.runtime.CompositionLocal<T of androidx.compose.runtime.CompositionLocal> origin=IMPLICIT_CAST typeOperand=androidx.compose.runtime.CompositionLocal<T of androidx.compose.runtime.CompositionLocal>
          CALL 'public final fun <get-LocalConfiguration> (): androidx.compose.runtime.ProvidableCompositionLocal<android.content.res.Configuration> declared in androidx.compose.ui.platform.AndroidCompositionLocals_androidKt' type=androidx.compose.runtime.ProvidableCompositionLocal<android.content.res.Configuration> origin=GET_PROPERTY
    VAR name:screenCfg type:com.ramo.shared.ScreenConfig [val]
      CALL 'public final fun remember <T> (calculation: @[DisallowComposableCalls] kotlin.Function0<T of androidx.compose.runtime.ComposablesKt.remember>): T of androidx.compose.runtime.ComposablesKt.remember [inline] declared in androidx.compose.runtime.ComposablesKt' type=com.ramo.shared.ScreenConfig origin=null
        <T>: com.ramo.shared.ScreenConfig
        calculation: BLOCK type=kotlin.Function0<com.ramo.shared.ScreenConfig> origin=LAMBDA
          COMPOSITE type=kotlin.Unit origin=null
          FUNCTION_REFERENCE 'private final fun rememberScreenConfig$lambda$0 (): com.ramo.shared.ScreenConfig declared in com.ramo.shared.WindowConfigKt' type=kotlin.Function0<com.ramo.shared.ScreenConfig> origin=INLINE_LAMBDA reflectionTarget=null
    CALL 'public final fun LaunchedEffect (key1: kotlin.Any?, block: @[ExtensionFunctionType] kotlin.coroutines.SuspendFunction1<kotlinx.coroutines.CoroutineScope, kotlin.Unit>): kotlin.Unit declared in androidx.compose.runtime.EffectsKt' type=kotlin.Unit origin=null
      key1: GET_VAR 'val windowInfo: androidx.compose.ui.platform.WindowInfo [val] declared in com.ramo.shared.WindowConfigKt.rememberScreenConfig' type=androidx.compose.ui.platform.WindowInfo origin=null
      block: BLOCK type=com.ramo.shared.WindowConfigKt.rememberScreenConfig.<no name provided> origin=null
        CLASS SUSPEND_LAMBDA CLASS name:<no name provided> modality:FINAL visibility:public/*package*/ superTypes:[kotlin.coroutines.jvm.internal.SuspendLambda; kotlin.jvm.functions.Function2<kotlinx.coroutines.CoroutineScope, kotlin.coroutines.Continuation<kotlin.Unit>?, kotlin.Any?>]
          $this: VALUE_PARAMETER INSTANCE_RECEIVER name:<this> type:com.ramo.shared.WindowConfigKt.rememberScreenConfig.<no name provided>
          FIELD name:label type:kotlin.Int visibility:public/*package*/
          CONSTRUCTOR SUSPEND_LAMBDA visibility:public/*package*/ <> ($density:androidx.compose.ui.unit.Density, $config:android.content.res.Configuration, $activity:android.app.Activity?, $screenCfg:com.ramo.shared.ScreenConfig, $windowInfo:androidx.compose.ui.platform.WindowInfo, $completion:kotlin.coroutines.Continuation<com.ramo.shared.WindowConfigKt.rememberScreenConfig.<no name provided>>?) returnType:com.ramo.shared.WindowConfigKt.rememberScreenConfig.<no name provided> [primary]
            VALUE_PARAMETER BOUND_VALUE_PARAMETER name:$density index:0 type:androidx.compose.ui.unit.Density
            VALUE_PARAMETER BOUND_VALUE_PARAMETER name:$config index:1 type:android.content.res.Configuration
            VALUE_PARAMETER BOUND_VALUE_PARAMETER name:$activity index:2 type:android.app.Activity?
            VALUE_PARAMETER BOUND_VALUE_PARAMETER name:$screenCfg index:3 type:com.ramo.shared.ScreenConfig
            VALUE_PARAMETER BOUND_VALUE_PARAMETER name:$windowInfo index:4 type:androidx.compose.ui.platform.WindowInfo
            VALUE_PARAMETER name:$completion index:5 type:kotlin.coroutines.Continuation<com.ramo.shared.WindowConfigKt.rememberScreenConfig.<no name provided>>?
            BLOCK_BODY
              SET_FIELD 'FIELD FIELD_FOR_CAPTURED_VALUE name:$density type:androidx.compose.ui.unit.Density visibility:public/*package*/ [final] declared in com.ramo.shared.WindowConfigKt.rememberScreenConfig.<no name provided>' type=kotlin.Unit origin=INITIALIZER_OF_FIELD_FOR_CAPTURED_VALUE
                receiver: GET_VAR '<this>: com.ramo.shared.WindowConfigKt.rememberScreenConfig.<no name provided> declared in com.ramo.shared.WindowConfigKt.rememberScreenConfig.<no name provided>' type=com.ramo.shared.WindowConfigKt.rememberScreenConfig.<no name provided> origin=null
                value: GET_VAR '$density: androidx.compose.ui.unit.Density declared in com.ramo.shared.WindowConfigKt.rememberScreenConfig.<no name provided>.<init>' type=androidx.compose.ui.unit.Density origin=null
              SET_FIELD 'FIELD FIELD_FOR_CAPTURED_VALUE name:$config type:android.content.res.Configuration visibility:public/*package*/ [final] declared in com.ramo.shared.WindowConfigKt.rememberScreenConfig.<no name provided>' type=kotlin.Unit origin=INITIALIZER_OF_FIELD_FOR_CAPTURED_VALUE
                receiver: GET_VAR '<this>: com.ramo.shared.WindowConfigKt.rememberScreenConfig.<no name provided> declared in com.ramo.shared.WindowConfigKt.rememberScreenConfig.<no name provided>' type=com.ramo.shared.WindowConfigKt.rememberScreenConfig.<no name provided> origin=null
                value: GET_VAR '$config: android.content.res.Configuration declared in com.ramo.shared.WindowConfigKt.rememberScreenConfig.<no name provided>.<init>' type=android.content.res.Configuration origin=null
              SET_FIELD 'FIELD FIELD_FOR_CAPTURED_VALUE name:$activity type:android.app.Activity? visibility:public/*package*/ [final] declared in com.ramo.shared.WindowConfigKt.rememberScreenConfig.<no name provided>' type=kotlin.Unit origin=INITIALIZER_OF_FIELD_FOR_CAPTURED_VALUE
                receiver: GET_VAR '<this>: com.ramo.shared.WindowConfigKt.rememberScreenConfig.<no name provided> declared in com.ramo.shared.WindowConfigKt.rememberScreenConfig.<no name provided>' type=com.ramo.shared.WindowConfigKt.rememberScreenConfig.<no name provided> origin=null
                value: GET_VAR '$activity: android.app.Activity? declared in com.ramo.shared.WindowConfigKt.rememberScreenConfig.<no name provided>.<init>' type=android.app.Activity? origin=null
              SET_FIELD 'FIELD FIELD_FOR_CAPTURED_VALUE name:$screenCfg type:com.ramo.shared.ScreenConfig visibility:public/*package*/ [final] declared in com.ramo.shared.WindowConfigKt.rememberScreenConfig.<no name provided>' type=kotlin.Unit origin=INITIALIZER_OF_FIELD_FOR_CAPTURED_VALUE
                receiver: GET_VAR '<this>: com.ramo.shared.WindowConfigKt.rememberScreenConfig.<no name provided> declared in com.ramo.shared.WindowConfigKt.rememberScreenConfig.<no name provided>' type=com.ramo.shared.WindowConfigKt.rememberScreenConfig.<no name provided> origin=null
                value: GET_VAR '$screenCfg: com.ramo.shared.ScreenConfig declared in com.ramo.shared.WindowConfigKt.rememberScreenConfig.<no name provided>.<init>' type=com.ramo.shared.ScreenConfig origin=null
              SET_FIELD 'FIELD FIELD_FOR_CAPTURED_VALUE name:$windowInfo type:androidx.compose.ui.platform.WindowInfo visibility:public/*package*/ [final] declared in com.ramo.shared.WindowConfigKt.rememberScreenConfig.<no name provided>' type=kotlin.Unit origin=INITIALIZER_OF_FIELD_FOR_CAPTURED_VALUE
                receiver: GET_VAR '<this>: com.ramo.shared.WindowConfigKt.rememberScreenConfig.<no name provided> declared in com.ramo.shared.WindowConfigKt.rememberScreenConfig.<no name provided>' type=com.ramo.shared.WindowConfigKt.rememberScreenConfig.<no name provided> origin=null
                value: GET_VAR '$windowInfo: androidx.compose.ui.platform.WindowInfo declared in com.ramo.shared.WindowConfigKt.rememberScreenConfig.<no name provided>.<init>' type=androidx.compose.ui.platform.WindowInfo origin=null
              DELEGATING_CONSTRUCTOR_CALL 'public constructor <init> (arity: kotlin.Int, $completion: kotlin.coroutines.Continuation<kotlin.Any?>?) declared in kotlin.coroutines.jvm.internal.SuspendLambda'
                arity: CONST Int type=kotlin.Int value=2
                $completion: GET_VAR '$completion: kotlin.coroutines.Continuation<com.ramo.shared.WindowConfigKt.rememberScreenConfig.<no name provided>>? declared in com.ramo.shared.WindowConfigKt.rememberScreenConfig.<no name provided>.<init>' type=kotlin.coroutines.Continuation<com.ramo.shared.WindowConfigKt.rememberScreenConfig.<no name provided>>? origin=null
              BLOCK type=kotlin.Unit origin=null
          FUN name:invokeSuspend visibility:public modality:FINAL <> ($this:com.ramo.shared.WindowConfigKt.rememberScreenConfig.<no name provided>, $result:kotlin.Result<kotlin.Any?>) returnType:kotlin.Any?
            overridden:
              protected abstract fun invokeSuspend ($result: kotlin.Result<kotlin.Any?>): kotlin.Any? declared in kotlin.coroutines.jvm.internal.SuspendLambda
            $this: VALUE_PARAMETER INSTANCE_RECEIVER name:<this> type:com.ramo.shared.WindowConfigKt.rememberScreenConfig.<no name provided>
            VALUE_PARAMETER name:$result index:0 type:kotlin.Result<kotlin.Any?>
            BLOCK_BODY
              VAR name:widthDp type:kotlin.Int [val]
                CALL 'public final fun run <T, R> (block: @[ExtensionFunctionType] kotlin.Function1<T of kotlin.StandardKt.run, R of kotlin.StandardKt.run>): R of kotlin.StandardKt.run [inline] declared in kotlin.StandardKt' type=kotlin.Int origin=null
                  <T>: androidx.compose.ui.unit.Density
                  <R>: kotlin.Int
                  $receiver: GET_FIELD 'FIELD FIELD_FOR_CAPTURED_VALUE name:$density type:androidx.compose.ui.unit.Density visibility:public/*package*/ [final] declared in com.ramo.shared.WindowConfigKt.rememberScreenConfig.<no name provided>' type=androidx.compose.ui.unit.Density origin=null
                    receiver: GET_VAR '<this>: com.ramo.shared.WindowConfigKt.rememberScreenConfig.<no name provided> declared in com.ramo.shared.WindowConfigKt.rememberScreenConfig.<no name provided>.invokeSuspend' type=com.ramo.shared.WindowConfigKt.rememberScreenConfig.<no name provided> origin=null
                  block: BLOCK type=@[ExtensionFunctionType] kotlin.Function1<androidx.compose.ui.unit.Density, kotlin.Int> origin=LAMBDA
                    COMPOSITE type=kotlin.Unit origin=null
                    FUNCTION_REFERENCE 'private final fun invokeSuspend$lambda$0 ($windowInfo: androidx.compose.ui.platform.WindowInfo): kotlin.Int declared in com.ramo.shared.WindowConfigKt.rememberScreenConfig.<no name provided>' type=@[ExtensionFunctionType] kotlin.Function1<androidx.compose.ui.unit.Density, kotlin.Int> origin=INLINE_LAMBDA reflectionTarget=null
                      $windowInfo: GET_FIELD 'FIELD FIELD_FOR_CAPTURED_VALUE name:$windowInfo type:androidx.compose.ui.platform.WindowInfo visibility:public/*package*/ [final] declared in com.ramo.shared.WindowConfigKt.rememberScreenConfig.<no name provided>' type=androidx.compose.ui.platform.WindowInfo origin=null
                        receiver: GET_VAR '<this>: com.ramo.shared.WindowConfigKt.rememberScreenConfig.<no name provided> declared in com.ramo.shared.WindowConfigKt.rememberScreenConfig.<no name provided>.invokeSuspend' type=com.ramo.shared.WindowConfigKt.rememberScreenConfig.<no name provided> origin=null
              VAR name:isWear type:kotlin.Boolean [val]
                CALL 'public final fun EQEQ (arg0: kotlin.Any?, arg1: kotlin.Any?): kotlin.Boolean declared in kotlin.internal.ir' type=kotlin.Boolean origin=EQEQ
                  arg0: CALL 'public final fun and (other: kotlin.Int): kotlin.Int [infix] declared in kotlin.Int' type=kotlin.Int origin=null
                    $this: GET_FIELD 'FIELD IR_EXTERNAL_JAVA_DECLARATION_STUB name:uiMode type:kotlin.Int visibility:public declared in android.content.res.Configuration' type=kotlin.Int superQualifierSymbol=android.content.res.Configuration origin=null
                      receiver: GET_FIELD 'FIELD FIELD_FOR_CAPTURED_VALUE name:$config type:android.content.res.Configuration visibility:public/*package*/ [final] declared in com.ramo.shared.WindowConfigKt.rememberScreenConfig.<no name provided>' type=android.content.res.Configuration origin=null
                        receiver: GET_VAR '<this>: com.ramo.shared.WindowConfigKt.rememberScreenConfig.<no name provided> declared in com.ramo.shared.WindowConfigKt.rememberScreenConfig.<no name provided>.invokeSuspend' type=com.ramo.shared.WindowConfigKt.rememberScreenConfig.<no name provided> origin=null
                    other: CONST Int type=kotlin.Int value=15
                  arg1: CONST Int type=kotlin.Int value=6
              VAR name:isSplit type:kotlin.Boolean [val]
                BLOCK type=kotlin.Boolean origin=null
                  WHEN type=kotlin.Boolean origin=FOLDED_SAFE_CALL
                    BRANCH
                      if: COMPOSITE type=kotlin.Boolean origin=null
                        VAR IR_TEMPORARY_VARIABLE name:tmp0_safe_receiver type:android.app.Activity? [val]
                          GET_FIELD 'FIELD FIELD_FOR_CAPTURED_VALUE name:$activity type:android.app.Activity? visibility:public/*package*/ [final] declared in com.ramo.shared.WindowConfigKt.rememberScreenConfig.<no name provided>' type=android.app.Activity? origin=null
                            receiver: GET_VAR '<this>: com.ramo.shared.WindowConfigKt.rememberScreenConfig.<no name provided> declared in com.ramo.shared.WindowConfigKt.rememberScreenConfig.<no name provided>.invokeSuspend' type=com.ramo.shared.WindowConfigKt.rememberScreenConfig.<no name provided> origin=null
                        CALL 'public final fun not (): kotlin.Boolean [operator] declared in kotlin.Boolean' type=kotlin.Boolean origin=null
                          $this: CALL 'public final fun EQEQ (arg0: kotlin.Any?, arg1: kotlin.Any?): kotlin.Boolean declared in kotlin.internal.ir' type=kotlin.Boolean origin=null
                            arg0: GET_VAR 'val tmp0_safe_receiver: android.app.Activity? [val] declared in com.ramo.shared.WindowConfigKt.rememberScreenConfig.<no name provided>.invokeSuspend' type=android.app.Activity? origin=null
                            arg1: CONST Null type=kotlin.Nothing? value=null
                      then: CALL 'public final fun EQEQ (arg0: kotlin.Any?, arg1: kotlin.Any?): kotlin.Boolean declared in kotlin.internal.ir' type=kotlin.Boolean origin=EQEQ
                        arg0: CALL 'public open fun isInMultiWindowMode (): kotlin.Boolean declared in android.app.Activity' type=kotlin.Boolean origin=GET_PROPERTY
                          $this: GET_VAR 'val tmp0_safe_receiver: android.app.Activity? [val] declared in com.ramo.shared.WindowConfigKt.rememberScreenConfig.<no name provided>.invokeSuspend' type=android.app.Activity? origin=null
                        arg1: CONST Boolean type=kotlin.Boolean value=true
                    BRANCH
                      if: CONST Boolean type=kotlin.Boolean value=true
                      then: CONST Boolean type=kotlin.Boolean value=false
              VAR name:mode type:kotlin.Int [val]
                WHEN type=kotlin.Int origin=WHEN
                  BRANCH
                    if: GET_VAR 'val isWear: kotlin.Boolean [val] declared in com.ramo.shared.WindowConfigKt.rememberScreenConfig.<no name provided>.invokeSuspend' type=kotlin.Boolean origin=null
                    then: CONST Int type=kotlin.Int value=0
                  BRANCH
                    if: GET_VAR 'val isSplit: kotlin.Boolean [val] declared in com.ramo.shared.WindowConfigKt.rememberScreenConfig.<no name provided>.invokeSuspend' type=kotlin.Boolean origin=null
                    then: CONST Int type=kotlin.Int value=3
                  BRANCH
                    if: CALL 'public final fun less (arg0: kotlin.Int, arg1: kotlin.Int): kotlin.Boolean declared in kotlin.internal.ir' type=kotlin.Boolean origin=LT
                      arg0: GET_VAR 'val widthDp: kotlin.Int [val] declared in com.ramo.shared.WindowConfigKt.rememberScreenConfig.<no name provided>.invokeSuspend' type=kotlin.Int origin=null
                      arg1: CONST Int type=kotlin.Int value=600
                    then: CONST Int type=kotlin.Int value=1
                  BRANCH
                    if: CALL 'public final fun less (arg0: kotlin.Int, arg1: kotlin.Int): kotlin.Boolean declared in kotlin.internal.ir' type=kotlin.Boolean origin=LT
                      arg0: GET_VAR 'val widthDp: kotlin.Int [val] declared in com.ramo.shared.WindowConfigKt.rememberScreenConfig.<no name provided>.invokeSuspend' type=kotlin.Int origin=null
                      arg1: CONST Int type=kotlin.Int value=840
                    then: CONST Int type=kotlin.Int value=2
                  BRANCH
                    if: CONST Boolean type=kotlin.Boolean value=true
                    then: CONST Int type=kotlin.Int value=4
              VAR name:ratio type:kotlin.Float [val]
                BLOCK type=kotlin.Float origin=WHEN
                  VAR IR_TEMPORARY_VARIABLE name:tmp1_subject type:kotlin.Int [val]
                    GET_VAR 'val mode: kotlin.Int [val] declared in com.ramo.shared.WindowConfigKt.rememberScreenConfig.<no name provided>.invokeSuspend' type=kotlin.Int origin=null
                  WHEN type=kotlin.Float origin=WHEN
                    BRANCH
                      if: CALL 'public final fun EQEQ (arg0: kotlin.Any?, arg1: kotlin.Any?): kotlin.Boolean declared in kotlin.internal.ir' type=kotlin.Boolean origin=EQEQ
                        arg0: GET_VAR 'val tmp1_subject: kotlin.Int [val] declared in com.ramo.shared.WindowConfigKt.rememberScreenConfig.<no name provided>.invokeSuspend' type=kotlin.Int origin=null
                        arg1: CONST Int type=kotlin.Int value=0
                      then: CALL 'public final fun access$calcFromTable (dp: kotlin.Int, widths: kotlin.collections.List<kotlin.Int>, ratios: kotlin.collections.List<kotlin.Float>): kotlin.Float declared in com.ramo.shared.WindowConfigKt' type=kotlin.Float origin=null
                        dp: GET_VAR 'val widthDp: kotlin.Int [val] declared in com.ramo.shared.WindowConfigKt.rememberScreenConfig.<no name provided>.invokeSuspend' type=kotlin.Int origin=null
                        widths: CALL 'public final fun listOf <T> (vararg elements: T of kotlin.collections.CollectionsKt.listOf): kotlin.collections.List<T of kotlin.collections.CollectionsKt.listOf> declared in kotlin.collections.CollectionsKt' type=kotlin.collections.List<kotlin.Int> origin=null
                          <T>: kotlin.Int
                          elements: BLOCK type=kotlin.Array<out kotlin.Int> origin=null
                            VAR IR_TEMPORARY_VARIABLE name:tmp0 type:kotlin.Array<out kotlin.Int> [val]
                              CALL 'public final fun arrayOfNulls <T> (size: kotlin.Int): kotlin.Array<T of kotlin.arrayOfNulls?> declared in kotlin' type=kotlin.Array<out kotlin.Int> origin=null
                                <T>: kotlin.Int
                                size: CONST Int type=kotlin.Int value=4
                            CALL 'public final fun set (index: kotlin.Int, value: T of kotlin.Array): kotlin.Unit [operator] declared in kotlin.Array' type=kotlin.Unit origin=null
                              $this: GET_VAR 'val tmp0: kotlin.Array<out kotlin.Int> [val] declared in com.ramo.shared.WindowConfigKt.rememberScreenConfig.<no name provided>.invokeSuspend' type=kotlin.Array<out kotlin.Int> origin=null
                              index: CONST Int type=kotlin.Int value=0
                              value: CONST Int type=kotlin.Int value=360
                            CALL 'public final fun set (index: kotlin.Int, value: T of kotlin.Array): kotlin.Unit [operator] declared in kotlin.Array' type=kotlin.Unit origin=null
                              $this: GET_VAR 'val tmp0: kotlin.Array<out kotlin.Int> [val] declared in com.ramo.shared.WindowConfigKt.rememberScreenConfig.<no name provided>.invokeSuspend' type=kotlin.Array<out kotlin.Int> origin=null
                              index: CONST Int type=kotlin.Int value=1
                              value: CONST Int type=kotlin.Int value=384
                            CALL 'public final fun set (index: kotlin.Int, value: T of kotlin.Array): kotlin.Unit [operator] declared in kotlin.Array' type=kotlin.Unit origin=null
                              $this: GET_VAR 'val tmp0: kotlin.Array<out kotlin.Int> [val] declared in com.ramo.shared.WindowConfigKt.rememberScreenConfig.<no name provided>.invokeSuspend' type=kotlin.Array<out kotlin.Int> origin=null
                              index: CONST Int type=kotlin.Int value=2
                              value: CONST Int type=kotlin.Int value=402
                            CALL 'public final fun set (index: kotlin.Int, value: T of kotlin.Array): kotlin.Unit [operator] declared in kotlin.Array' type=kotlin.Unit origin=null
                              $this: GET_VAR 'val tmp0: kotlin.Array<out kotlin.Int> [val] declared in com.ramo.shared.WindowConfigKt.rememberScreenConfig.<no name provided>.invokeSuspend' type=kotlin.Array<out kotlin.Int> origin=null
                              index: CONST Int type=kotlin.Int value=3
                              value: CONST Int type=kotlin.Int value=454
                            GET_VAR 'val tmp0: kotlin.Array<out kotlin.Int> [val] declared in com.ramo.shared.WindowConfigKt.rememberScreenConfig.<no name provided>.invokeSuspend' type=kotlin.Array<out kotlin.Int> origin=null
                        ratios: CALL 'public final fun listOf <T> (vararg elements: T of kotlin.collections.CollectionsKt.listOf): kotlin.collections.List<T of kotlin.collections.CollectionsKt.listOf> declared in kotlin.collections.CollectionsKt' type=kotlin.collections.List<kotlin.Float> origin=null
                          <T>: kotlin.Float
                          elements: BLOCK type=kotlin.Array<out kotlin.Float> origin=null
                            VAR IR_TEMPORARY_VARIABLE name:tmp0 type:kotlin.Array<out kotlin.Float> [val]
                              CALL 'public final fun arrayOfNulls <T> (size: kotlin.Int): kotlin.Array<T of kotlin.arrayOfNulls?> declared in kotlin' type=kotlin.Array<out kotlin.Float> origin=null
                                <T>: kotlin.Float
                                size: CONST Int type=kotlin.Int value=4
                            CALL 'public final fun set (index: kotlin.Int, value: T of kotlin.Array): kotlin.Unit [operator] declared in kotlin.Array' type=kotlin.Unit origin=null
                              $this: GET_VAR 'val tmp0: kotlin.Array<out kotlin.Float> [val] declared in com.ramo.shared.WindowConfigKt.rememberScreenConfig.<no name provided>.invokeSuspend' type=kotlin.Array<out kotlin.Float> origin=null
                              index: CONST Int type=kotlin.Int value=0
                              value: CONST Float type=kotlin.Float value=1.0
                            CALL 'public final fun set (index: kotlin.Int, value: T of kotlin.Array): kotlin.Unit [operator] declared in kotlin.Array' type=kotlin.Unit origin=null
                              $this: GET_VAR 'val tmp0: kotlin.Array<out kotlin.Float> [val] declared in com.ramo.shared.WindowConfigKt.rememberScreenConfig.<no name provided>.invokeSuspend' type=kotlin.Array<out kotlin.Float> origin=null
                              index: CONST Int type=kotlin.Int value=1
                              value: CONST Float type=kotlin.Float value=1.07
                            CALL 'public final fun set (index: kotlin.Int, value: T of kotlin.Array): kotlin.Unit [operator] declared in kotlin.Array' type=kotlin.Unit origin=null
                              $this: GET_VAR 'val tmp0: kotlin.Array<out kotlin.Float> [val] declared in com.ramo.shared.WindowConfigKt.rememberScreenConfig.<no name provided>.invokeSuspend' type=kotlin.Array<out kotlin.Float> origin=null
                              index: CONST Int type=kotlin.Int value=2
                              value: CONST Float type=kotlin.Float value=1.12
                            CALL 'public final fun set (index: kotlin.Int, value: T of kotlin.Array): kotlin.Unit [operator] declared in kotlin.Array' type=kotlin.Unit origin=null
                              $this: GET_VAR 'val tmp0: kotlin.Array<out kotlin.Float> [val] declared in com.ramo.shared.WindowConfigKt.rememberScreenConfig.<no name provided>.invokeSuspend' type=kotlin.Array<out kotlin.Float> origin=null
                              index: CONST Int type=kotlin.Int value=3
                              value: CONST Float type=kotlin.Float value=1.26
                            GET_VAR 'val tmp0: kotlin.Array<out kotlin.Float> [val] declared in com.ramo.shared.WindowConfigKt.rememberScreenConfig.<no name provided>.invokeSuspend' type=kotlin.Array<out kotlin.Float> origin=null
                    BRANCH
                      if: CALL 'public final fun EQEQ (arg0: kotlin.Any?, arg1: kotlin.Any?): kotlin.Boolean declared in kotlin.internal.ir' type=kotlin.Boolean origin=EQEQ
                        arg0: GET_VAR 'val tmp1_subject: kotlin.Int [val] declared in com.ramo.shared.WindowConfigKt.rememberScreenConfig.<no name provided>.invokeSuspend' type=kotlin.Int origin=null
                        arg1: CONST Int type=kotlin.Int value=1
                      then: CALL 'public final fun coerceIn (minimumValue: kotlin.Float, maximumValue: kotlin.Float): kotlin.Float declared in kotlin.ranges.RangesKt' type=kotlin.Float origin=null
                        $receiver: CALL 'public final fun div (other: kotlin.Float): kotlin.Float [operator] declared in kotlin.Int' type=kotlin.Float origin=DIV
                          $this: GET_VAR 'val widthDp: kotlin.Int [val] declared in com.ramo.shared.WindowConfigKt.rememberScreenConfig.<no name provided>.invokeSuspend' type=kotlin.Int origin=null
                          other: CONST Float type=kotlin.Float value=320.0
                        minimumValue: CONST Float type=kotlin.Float value=0.8
                        maximumValue: CONST Float type=kotlin.Float value=1.4
                    BRANCH
                      if: CALL 'public final fun EQEQ (arg0: kotlin.Any?, arg1: kotlin.Any?): kotlin.Boolean declared in kotlin.internal.ir' type=kotlin.Boolean origin=EQEQ
                        arg0: GET_VAR 'val tmp1_subject: kotlin.Int [val] declared in com.ramo.shared.WindowConfigKt.rememberScreenConfig.<no name provided>.invokeSuspend' type=kotlin.Int origin=null
                        arg1: CONST Int type=kotlin.Int value=2
                      then: CALL 'public final fun coerceIn (minimumValue: kotlin.Float, maximumValue: kotlin.Float): kotlin.Float declared in kotlin.ranges.RangesKt' type=kotlin.Float origin=null
                        $receiver: CALL 'public final fun div (other: kotlin.Float): kotlin.Float [operator] declared in kotlin.Int' type=kotlin.Float origin=DIV
                          $this: GET_VAR 'val widthDp: kotlin.Int [val] declared in com.ramo.shared.WindowConfigKt.rememberScreenConfig.<no name provided>.invokeSuspend' type=kotlin.Int origin=null
                          other: CONST Float type=kotlin.Float value=600.0
                        minimumValue: CONST Float type=kotlin.Float value=0.8
                        maximumValue: CONST Float type=kotlin.Float value=1.5
                    BRANCH
                      if: CALL 'public final fun EQEQ (arg0: kotlin.Any?, arg1: kotlin.Any?): kotlin.Boolean declared in kotlin.internal.ir' type=kotlin.Boolean origin=EQEQ
                        arg0: GET_VAR 'val tmp1_subject: kotlin.Int [val] declared in com.ramo.shared.WindowConfigKt.rememberScreenConfig.<no name provided>.invokeSuspend' type=kotlin.Int origin=null
                        arg1: CONST Int type=kotlin.Int value=3
                      then: WHEN type=kotlin.Float origin=WHEN
                        BRANCH
                          if: CALL 'public final fun less (arg0: kotlin.Int, arg1: kotlin.Int): kotlin.Boolean declared in kotlin.internal.ir' type=kotlin.Boolean origin=LT
                            arg0: GET_VAR 'val widthDp: kotlin.Int [val] declared in com.ramo.shared.WindowConfigKt.rememberScreenConfig.<no name provided>.invokeSuspend' type=kotlin.Int origin=null
                            arg1: CONST Int type=kotlin.Int value=280
                          then: CONST Float type=kotlin.Float value=0.25
                        BRANCH
                          if: CALL 'public final fun less (arg0: kotlin.Int, arg1: kotlin.Int): kotlin.Boolean declared in kotlin.internal.ir' type=kotlin.Boolean origin=LT
                            arg0: GET_VAR 'val widthDp: kotlin.Int [val] declared in com.ramo.shared.WindowConfigKt.rememberScreenConfig.<no name provided>.invokeSuspend' type=kotlin.Int origin=null
                            arg1: CONST Int type=kotlin.Int value=480
                          then: CONST Float type=kotlin.Float value=0.5
                        BRANCH
                          if: CALL 'public final fun less (arg0: kotlin.Int, arg1: kotlin.Int): kotlin.Boolean declared in kotlin.internal.ir' type=kotlin.Boolean origin=LT
                            arg0: GET_VAR 'val widthDp: kotlin.Int [val] declared in com.ramo.shared.WindowConfigKt.rememberScreenConfig.<no name provided>.invokeSuspend' type=kotlin.Int origin=null
                            arg1: CONST Int type=kotlin.Int value=680
                          then: CONST Float type=kotlin.Float value=0.75
                        BRANCH
                          if: CONST Boolean type=kotlin.Boolean value=true
                          then: CONST Float type=kotlin.Float value=1.0
                    BRANCH
                      if: CALL 'public final fun EQEQ (arg0: kotlin.Any?, arg1: kotlin.Any?): kotlin.Boolean declared in kotlin.internal.ir' type=kotlin.Boolean origin=EQEQ
                        arg0: GET_VAR 'val tmp1_subject: kotlin.Int [val] declared in com.ramo.shared.WindowConfigKt.rememberScreenConfig.<no name provided>.invokeSuspend' type=kotlin.Int origin=null
                        arg1: CONST Int type=kotlin.Int value=4
                      then: CALL 'public final fun coerceAtMost (maximumValue: kotlin.Float): kotlin.Float declared in kotlin.ranges.RangesKt' type=kotlin.Float origin=null
                        $receiver: CALL 'public final fun div (other: kotlin.Float): kotlin.Float [operator] declared in kotlin.Int' type=kotlin.Float origin=DIV
                          $this: GET_VAR 'val widthDp: kotlin.Int [val] declared in com.ramo.shared.WindowConfigKt.rememberScreenConfig.<no name provided>.invokeSuspend' type=kotlin.Int origin=null
                          other: CONST Float type=kotlin.Float value=1024.0
                        maximumValue: CONST Float type=kotlin.Float value=1.5
                    BRANCH
                      if: CONST Boolean type=kotlin.Boolean value=true
                      then: CONST Float type=kotlin.Float value=1.0
              CALL 'public final fun <set-mode> (<set-?>: kotlin.Int): kotlin.Unit declared in com.ramo.shared.ScreenConfig' type=kotlin.Unit origin=EQ
                $this: GET_FIELD 'FIELD FIELD_FOR_CAPTURED_VALUE name:$screenCfg type:com.ramo.shared.ScreenConfig visibility:public/*package*/ [final] declared in com.ramo.shared.WindowConfigKt.rememberScreenConfig.<no name provided>' type=com.ramo.shared.ScreenConfig origin=null
                  receiver: GET_VAR '<this>: com.ramo.shared.WindowConfigKt.rememberScreenConfig.<no name provided> declared in com.ramo.shared.WindowConfigKt.rememberScreenConfig.<no name provided>.invokeSuspend' type=com.ramo.shared.WindowConfigKt.rememberScreenConfig.<no name provided> origin=null
                <set-?>: GET_VAR 'val mode: kotlin.Int [val] declared in com.ramo.shared.WindowConfigKt.rememberScreenConfig.<no name provided>.invokeSuspend' type=kotlin.Int origin=null
              CALL 'public final fun <set-ratio> (<set-?>: kotlin.Float): kotlin.Unit declared in com.ramo.shared.ScreenConfig' type=kotlin.Unit origin=EQ
                $this: GET_FIELD 'FIELD FIELD_FOR_CAPTURED_VALUE name:$screenCfg type:com.ramo.shared.ScreenConfig visibility:public/*package*/ [final] declared in com.ramo.shared.WindowConfigKt.rememberScreenConfig.<no name provided>' type=com.ramo.shared.ScreenConfig origin=null
                  receiver: GET_VAR '<this>: com.ramo.shared.WindowConfigKt.rememberScreenConfig.<no name provided> declared in com.ramo.shared.WindowConfigKt.rememberScreenConfig.<no name provided>.invokeSuspend' type=com.ramo.shared.WindowConfigKt.rememberScreenConfig.<no name provided> origin=null
                <set-?>: GET_VAR 'val ratio: kotlin.Float [val] declared in com.ramo.shared.WindowConfigKt.rememberScreenConfig.<no name provided>.invokeSuspend' type=kotlin.Float origin=null
          FUN name:create visibility:public modality:FINAL <> ($this:com.ramo.shared.WindowConfigKt.rememberScreenConfig.<no name provided>, value:kotlin.Any?, $completion:kotlin.coroutines.Continuation<kotlin.Nothing>) returnType:kotlin.coroutines.Continuation<kotlin.Unit>
            overridden:
              public open fun create (value: kotlin.Any?, $completion: kotlin.coroutines.Continuation<kotlin.Nothing>): kotlin.coroutines.Continuation<kotlin.Unit> declared in kotlin.coroutines.jvm.internal.SuspendLambda
            $this: VALUE_PARAMETER INSTANCE_RECEIVER name:<this> type:com.ramo.shared.WindowConfigKt.rememberScreenConfig.<no name provided>
            VALUE_PARAMETER name:value index:0 type:kotlin.Any?
            VALUE_PARAMETER name:$completion index:1 type:kotlin.coroutines.Continuation<kotlin.Nothing>
            BLOCK_BODY
              RETURN type=kotlin.Nothing from='public final fun create (value: kotlin.Any?, $completion: kotlin.coroutines.Continuation<kotlin.Nothing>): kotlin.coroutines.Continuation<kotlin.Unit> declared in com.ramo.shared.WindowConfigKt.rememberScreenConfig.<no name provided>'
                CONSTRUCTOR_CALL 'public/*package*/ constructor <init> ($density: androidx.compose.ui.unit.Density, $config: android.content.res.Configuration, $activity: android.app.Activity?, $screenCfg: com.ramo.shared.ScreenConfig, $windowInfo: androidx.compose.ui.platform.WindowInfo, $completion: kotlin.coroutines.Continuation<com.ramo.shared.WindowConfigKt.rememberScreenConfig.<no name provided>>?) [primary] declared in com.ramo.shared.WindowConfigKt.rememberScreenConfig.<no name provided>' type=com.ramo.shared.WindowConfigKt.rememberScreenConfig.<no name provided> origin=null
                  $density: GET_FIELD 'FIELD FIELD_FOR_CAPTURED_VALUE name:$density type:androidx.compose.ui.unit.Density visibility:public/*package*/ [final] declared in com.ramo.shared.WindowConfigKt.rememberScreenConfig.<no name provided>' type=androidx.compose.ui.unit.Density origin=null
                    receiver: GET_VAR '<this>: com.ramo.shared.WindowConfigKt.rememberScreenConfig.<no name provided> declared in com.ramo.shared.WindowConfigKt.rememberScreenConfig.<no name provided>.create' type=com.ramo.shared.WindowConfigKt.rememberScreenConfig.<no name provided> origin=null
                  $config: GET_FIELD 'FIELD FIELD_FOR_CAPTURED_VALUE name:$config type:android.content.res.Configuration visibility:public/*package*/ [final] declared in com.ramo.shared.WindowConfigKt.rememberScreenConfig.<no name provided>' type=android.content.res.Configuration origin=null
                    receiver: GET_VAR '<this>: com.ramo.shared.WindowConfigKt.rememberScreenConfig.<no name provided> declared in com.ramo.shared.WindowConfigKt.rememberScreenConfig.<no name provided>.create' type=com.ramo.shared.WindowConfigKt.rememberScreenConfig.<no name provided> origin=null
                  $activity: GET_FIELD 'FIELD FIELD_FOR_CAPTURED_VALUE name:$activity type:android.app.Activity? visibility:public/*package*/ [final] declared in com.ramo.shared.WindowConfigKt.rememberScreenConfig.<no name provided>' type=android.app.Activity? origin=null
                    receiver: GET_VAR '<this>: com.ramo.shared.WindowConfigKt.rememberScreenConfig.<no name provided> declared in com.ramo.shared.WindowConfigKt.rememberScreenConfig.<no name provided>.create' type=com.ramo.shared.WindowConfigKt.rememberScreenConfig.<no name provided> origin=null
                  $screenCfg: GET_FIELD 'FIELD FIELD_FOR_CAPTURED_VALUE name:$screenCfg type:com.ramo.shared.ScreenConfig visibility:public/*package*/ [final] declared in com.ramo.shared.WindowConfigKt.rememberScreenConfig.<no name provided>' type=com.ramo.shared.ScreenConfig origin=null
                    receiver: GET_VAR '<this>: com.ramo.shared.WindowConfigKt.rememberScreenConfig.<no name provided> declared in com.ramo.shared.WindowConfigKt.rememberScreenConfig.<no name provided>.create' type=com.ramo.shared.WindowConfigKt.rememberScreenConfig.<no name provided> origin=null
                  $windowInfo: GET_FIELD 'FIELD FIELD_FOR_CAPTURED_VALUE name:$windowInfo type:androidx.compose.ui.platform.WindowInfo visibility:public/*package*/ [final] declared in com.ramo.shared.WindowConfigKt.rememberScreenConfig.<no name provided>' type=androidx.compose.ui.platform.WindowInfo origin=null
                    receiver: GET_VAR '<this>: com.ramo.shared.WindowConfigKt.rememberScreenConfig.<no name provided> declared in com.ramo.shared.WindowConfigKt.rememberScreenConfig.<no name provided>.create' type=com.ramo.shared.WindowConfigKt.rememberScreenConfig.<no name provided> origin=null
                  $completion: GET_VAR '$completion: kotlin.coroutines.Continuation<kotlin.Nothing> declared in com.ramo.shared.WindowConfigKt.rememberScreenConfig.<no name provided>.create' type=kotlin.coroutines.Continuation<kotlin.Nothing> origin=null
          FUN name:invoke visibility:public modality:FINAL <> ($this:com.ramo.shared.WindowConfigKt.rememberScreenConfig.<no name provided>, p1:kotlinx.coroutines.CoroutineScope, p2:kotlin.coroutines.Continuation<kotlin.Unit>?) returnType:kotlin.Any?
            overridden:
              public abstract fun invoke (p1: P1 of kotlin.jvm.functions.Function2, p2: P2 of kotlin.jvm.functions.Function2): R of kotlin.jvm.functions.Function2 declared in kotlin.jvm.functions.Function2
            $this: VALUE_PARAMETER INSTANCE_RECEIVER name:<this> type:com.ramo.shared.WindowConfigKt.rememberScreenConfig.<no name provided>
            VALUE_PARAMETER name:p1 index:0 type:kotlinx.coroutines.CoroutineScope
            VALUE_PARAMETER name:p2 index:1 type:kotlin.coroutines.Continuation<kotlin.Unit>?
            BLOCK_BODY
              RETURN type=kotlin.Nothing from='public final fun invoke (p1: kotlinx.coroutines.CoroutineScope, p2: kotlin.coroutines.Continuation<kotlin.Unit>?): kotlin.Any? declared in com.ramo.shared.WindowConfigKt.rememberScreenConfig.<no name provided>'
                CALL 'public final fun invokeSuspend ($result: kotlin.Result<kotlin.Any?>): kotlin.Any? declared in com.ramo.shared.WindowConfigKt.rememberScreenConfig.<no name provided>' type=kotlin.Any? origin=null
                  $this: TYPE_OP type=com.ramo.shared.WindowConfigKt.rememberScreenConfig.<no name provided> origin=IMPLICIT_CAST typeOperand=com.ramo.shared.WindowConfigKt.rememberScreenConfig.<no name provided>
                    CALL 'public final fun create (value: kotlin.Any?, $completion: kotlin.coroutines.Continuation<kotlin.Nothing>): kotlin.coroutines.Continuation<kotlin.Unit> declared in com.ramo.shared.WindowConfigKt.rememberScreenConfig.<no name provided>' type=kotlin.coroutines.Continuation<kotlin.Unit> origin=null
                      $this: GET_VAR '<this>: com.ramo.shared.WindowConfigKt.rememberScreenConfig.<no name provided> declared in com.ramo.shared.WindowConfigKt.rememberScreenConfig.<no name provided>.invoke' type=com.ramo.shared.WindowConfigKt.rememberScreenConfig.<no name provided> origin=null
                      value: GET_VAR 'p1: kotlinx.coroutines.CoroutineScope declared in com.ramo.shared.WindowConfigKt.rememberScreenConfig.<no name provided>.invoke' type=kotlinx.coroutines.CoroutineScope origin=null
                      $completion: GET_VAR 'p2: kotlin.coroutines.Continuation<kotlin.Unit>? declared in com.ramo.shared.WindowConfigKt.rememberScreenConfig.<no name provided>.invoke' type=kotlin.coroutines.Continuation<kotlin.Unit>? origin=null
                  $result: CALL 'public final fun <unsafe-coerce> <T, R> (v: T of kotlin.jvm.internal.<unsafe-coerce>): R of kotlin.jvm.internal.<unsafe-coerce> declared in kotlin.jvm.internal' type=kotlin.Result<kotlin.Any?> origin=null
                    <T>: kotlin.Any?
                    <R>: kotlin.Result<kotlin.Any?>
                    v: GET_FIELD 'FIELD FIELD_FOR_OBJECT_INSTANCE name:INSTANCE type:kotlin.Unit visibility:public [final,static] declared in kotlin.Unit' type=kotlin.Unit origin=null
          FIELD FIELD_FOR_CAPTURED_VALUE name:$density type:androidx.compose.ui.unit.Density visibility:public/*package*/ [final]
          FIELD FIELD_FOR_CAPTURED_VALUE name:$config type:android.content.res.Configuration visibility:public/*package*/ [final]
          FIELD FIELD_FOR_CAPTURED_VALUE name:$activity type:android.app.Activity? visibility:public/*package*/ [final]
          FIELD FIELD_FOR_CAPTURED_VALUE name:$screenCfg type:com.ramo.shared.ScreenConfig visibility:public/*package*/ [final]
          FIELD FIELD_FOR_CAPTURED_VALUE name:$windowInfo type:androidx.compose.ui.platform.WindowInfo visibility:public/*package*/ [final]
          FUN INLINE_LAMBDA name:invokeSuspend$lambda$0 visibility:private modality:FINAL <> ($receiver:androidx.compose.ui.unit.Density, $windowInfo:androidx.compose.ui.platform.WindowInfo) returnType:kotlin.Int
            $receiver: VALUE_PARAMETER name:$this$run type:androidx.compose.ui.unit.Density
            VALUE_PARAMETER BOUND_VALUE_PARAMETER name:$windowInfo index:0 type:androidx.compose.ui.platform.WindowInfo
            BLOCK_BODY
              VAR name:$i$a$-run-WindowConfigKt$rememberScreenConfig$1$widthDp$1 type:kotlin.Int [val]
                CONST Int type=kotlin.Int value=0
              RETURN type=kotlin.Nothing from='private final fun invokeSuspend$lambda$0 ($windowInfo: androidx.compose.ui.platform.WindowInfo): kotlin.Int declared in com.ramo.shared.WindowConfigKt.rememberScreenConfig.<no name provided>'
                CALL 'public open fun toInt (): kotlin.Int declared in kotlin.Float' type=kotlin.Int origin=null
                  $this: CALL 'public final fun <unsafe-coerce> <T, R> (v: T of kotlin.jvm.internal.<unsafe-coerce>): R of kotlin.jvm.internal.<unsafe-coerce> declared in kotlin.jvm.internal' type=kotlin.Float origin=null
                    <T>: androidx.compose.ui.unit.Dp
                    <R>: kotlin.Float
                    v: CALL 'public open fun toDp-u2uoSUM (): androidx.compose.ui.unit.Dp declared in androidx.compose.ui.unit.Density' type=androidx.compose.ui.unit.Dp origin=null
                      $this: GET_VAR '$this$run: androidx.compose.ui.unit.Density declared in com.ramo.shared.WindowConfigKt.rememberScreenConfig.<no name provided>.invokeSuspend$lambda$0' type=androidx.compose.ui.unit.Density origin=null
                      $receiver: CALL 'public final fun getWidth-impl (arg0: androidx.compose.ui.unit.IntSize): kotlin.Int [inline] declared in androidx.compose.ui.unit.IntSize' type=kotlin.Int origin=GET_PROPERTY
                        arg0: CALL 'public open fun getContainerSize-YbymL2g (): androidx.compose.ui.unit.IntSize declared in androidx.compose.ui.platform.WindowInfo' type=androidx.compose.ui.unit.IntSize origin=GET_PROPERTY
                          $this: GET_VAR '$windowInfo: androidx.compose.ui.platform.WindowInfo declared in com.ramo.shared.WindowConfigKt.rememberScreenConfig.<no name provided>.invokeSuspend$lambda$0' type=androidx.compose.ui.platform.WindowInfo origin=null
          FUN BRIDGE name:invoke visibility:public modality:OPEN <> ($this:com.ramo.shared.WindowConfigKt.rememberScreenConfig.<no name provided>, p1:kotlin.Any?, p2:kotlin.Any?) returnType:kotlin.Any?
            $this: VALUE_PARAMETER INSTANCE_RECEIVER name:<this> type:com.ramo.shared.WindowConfigKt.rememberScreenConfig.<no name provided>
            VALUE_PARAMETER BRIDGE name:p1 index:0 type:kotlin.Any?
            VALUE_PARAMETER BRIDGE name:p2 index:1 type:kotlin.Any?
            EXPRESSION_BODY
              RETURN type=kotlin.Nothing from='public open fun invoke (p1: kotlin.Any?, p2: kotlin.Any?): kotlin.Any? declared in com.ramo.shared.WindowConfigKt.rememberScreenConfig.<no name provided>'
                CALL 'public final fun invoke (p1: kotlinx.coroutines.CoroutineScope, p2: kotlin.coroutines.Continuation<kotlin.Unit>?): kotlin.Any? declared in com.ramo.shared.WindowConfigKt.rememberScreenConfig.<no name provided>' type=kotlin.Any? origin=BRIDGE_DELEGATION
                  $this: GET_VAR '<this>: com.ramo.shared.WindowConfigKt.rememberScreenConfig.<no name provided> declared in com.ramo.shared.WindowConfigKt.rememberScreenConfig.<no name provided>.invoke' type=com.ramo.shared.WindowConfigKt.rememberScreenConfig.<no name provided> origin=null
                  p1: TYPE_OP type=kotlinx.coroutines.CoroutineScope origin=IMPLICIT_CAST typeOperand=kotlinx.coroutines.CoroutineScope
                    GET_VAR 'p1: kotlin.Any? declared in com.ramo.shared.WindowConfigKt.rememberScreenConfig.<no name provided>.invoke' type=kotlin.Any? origin=null
                  p2: TYPE_OP type=kotlin.coroutines.Continuation<*> origin=IMPLICIT_CAST typeOperand=kotlin.coroutines.Continuation<*>
                    GET_VAR 'p2: kotlin.Any? declared in com.ramo.shared.WindowConfigKt.rememberScreenConfig.<no name provided>.invoke' type=kotlin.Any? origin=null
        CONSTRUCTOR_CALL 'public/*package*/ constructor <init> ($density: androidx.compose.ui.unit.Density, $config: android.content.res.Configuration, $activity: android.app.Activity?, $screenCfg: com.ramo.shared.ScreenConfig, $windowInfo: androidx.compose.ui.platform.WindowInfo, $completion: kotlin.coroutines.Continuation<com.ramo.shared.WindowConfigKt.rememberScreenConfig.<no name provided>>?) [primary] declared in com.ramo.shared.WindowConfigKt.rememberScreenConfig.<no name provided>' type=com.ramo.shared.WindowConfigKt.rememberScreenConfig.<no name provided> origin=null
          $density: GET_VAR 'val density: androidx.compose.ui.unit.Density [val] declared in com.ramo.shared.WindowConfigKt.rememberScreenConfig' type=androidx.compose.ui.unit.Density origin=null
          $config: GET_VAR 'val config: android.content.res.Configuration [val] declared in com.ramo.shared.WindowConfigKt.rememberScreenConfig' type=android.content.res.Configuration origin=null
          $activity: GET_VAR 'val activity: android.app.Activity? [val] declared in com.ramo.shared.WindowConfigKt.rememberScreenConfig' type=android.app.Activity? origin=null
          $screenCfg: GET_VAR 'val screenCfg: com.ramo.shared.ScreenConfig [val] declared in com.ramo.shared.WindowConfigKt.rememberScreenConfig' type=com.ramo.shared.ScreenConfig origin=null
          $windowInfo: GET_VAR 'val windowInfo: androidx.compose.ui.platform.WindowInfo [val] declared in com.ramo.shared.WindowConfigKt.rememberScreenConfig' type=androidx.compose.ui.platform.WindowInfo origin=null
          $completion: CONST Null type=kotlin.Nothing? value=null
    RETURN type=kotlin.Nothing from='public final fun rememberScreenConfig (): com.ramo.shared.ScreenConfig declared in com.ramo.shared.WindowConfigKt'
      GET_VAR 'val screenCfg: com.ramo.shared.ScreenConfig [val] declared in com.ramo.shared.WindowConfigKt.rememberScreenConfig' type=com.ramo.shared.ScreenConfig origin=null

	at org.jetbrains.kotlin.backend.jvm.codegen.FunctionCodegen.generate(FunctionCodegen.kt:47)
	at org.jetbrains.kotlin.backend.jvm.codegen.FunctionCodegen.generate$default(FunctionCodegen.kt:40)
	at org.jetbrains.kotlin.backend.jvm.codegen.ClassCodegen.generateMethodNode(ClassCodegen.kt:406)
	at org.jetbrains.kotlin.backend.jvm.codegen.ClassCodegen.generateMethod(ClassCodegen.kt:423)
	at org.jetbrains.kotlin.backend.jvm.codegen.ClassCodegen.generate(ClassCodegen.kt:168)
	at org.jetbrains.kotlin.backend.jvm.FileCodegen.lower(JvmPhases.kt:39)
	at org.jetbrains.kotlin.backend.common.phaser.PhaseFactoriesKt.createFilePhase$lambda$4(PhaseFactories.kt:71)
	at org.jetbrains.kotlin.backend.common.phaser.PhaseBuildersKt$createSimpleNamedCompilerPhase$1.phaseBody(PhaseBuilders.kt:69)
	at org.jetbrains.kotlin.backend.common.phaser.SimpleNamedCompilerPhase.phaseBody(CompilerPhase.kt:226)
	at org.jetbrains.kotlin.backend.common.phaser.AbstractNamedCompilerPhase.invoke(CompilerPhase.kt:113)
	at org.jetbrains.kotlin.backend.common.phaser.PerformByIrFilePhase.invokeSequential(performByIrFile.kt:62)
	... 43 more
Caused by: org.jetbrains.kotlin.codegen.CompilationException: Back-end (JVM) Internal error: Couldn't inline method call: CALL 'public final fun <get-current> (): T of androidx.compose.runtime.CompositionLocal [inline] declared in androidx.compose.runtime.CompositionLocal' type=androidx.compose.ui.platform.WindowInfo origin=GET_PROPERTY
Method: null
File is unknown
The root cause java.lang.IllegalStateException was thrown at: org.jetbrains.kotlin.codegen.inline.SourceCompilerForInlineKt.getMethodNode(SourceCompilerForInline.kt:118)
	at org.jetbrains.kotlin.codegen.inline.InlineCodegen.performInline(InlineCodegen.kt:65)
	at org.jetbrains.kotlin.backend.jvm.codegen.IrInlineCodegen.genInlineCall(IrInlineCodegen.kt:163)
	at org.jetbrains.kotlin.backend.jvm.codegen.IrInlineCallGenerator.genCall(IrInlineCallGenerator.kt:36)
	at org.jetbrains.kotlin.backend.jvm.codegen.ExpressionCodegen.visitCall(ExpressionCodegen.kt:653)
	at org.jetbrains.kotlin.backend.jvm.codegen.ExpressionCodegen.visitCall(ExpressionCodegen.kt:138)
	at org.jetbrains.kotlin.ir.expressions.IrCall.accept(IrCall.kt:24)
	at org.jetbrains.kotlin.backend.jvm.codegen.ExpressionCodegen.visitVariable(ExpressionCodegen.kt:790)
	at org.jetbrains.kotlin.backend.jvm.codegen.ExpressionCodegen.visitVariable(ExpressionCodegen.kt:138)
	at org.jetbrains.kotlin.ir.declarations.IrVariable.accept(IrVariable.kt:36)
	at org.jetbrains.kotlin.backend.jvm.codegen.ExpressionCodegen.visitStatementContainer(ExpressionCodegen.kt:579)
	at org.jetbrains.kotlin.backend.jvm.codegen.ExpressionCodegen.visitBlockBody(ExpressionCodegen.kt:584)
	at org.jetbrains.kotlin.backend.jvm.codegen.ExpressionCodegen.visitBlockBody(ExpressionCodegen.kt:138)
	at org.jetbrains.kotlin.ir.expressions.IrBlockBody.accept(IrBlockBody.kt:20)
	at org.jetbrains.kotlin.backend.jvm.codegen.ExpressionCodegen.generate(ExpressionCodegen.kt:240)
	at org.jetbrains.kotlin.backend.jvm.codegen.FunctionCodegen.doGenerate(FunctionCodegen.kt:123)
	at org.jetbrains.kotlin.backend.jvm.codegen.FunctionCodegen.generate(FunctionCodegen.kt:44)
	... 53 more
Caused by: java.lang.IllegalStateException: couldn't find inline method Landroidx/compose/runtime/CompositionLocal;.getCurrent()Ljava/lang/Object;
	at org.jetbrains.kotlin.codegen.inline.SourceCompilerForInlineKt.getMethodNode(SourceCompilerForInline.kt:118)
	at org.jetbrains.kotlin.codegen.inline.SourceCompilerForInlineKt.loadCompiledInlineFunction(SourceCompilerForInline.kt:96)
	at org.jetbrains.kotlin.backend.jvm.codegen.IrSourceCompilerForInline.compileInlineFunction(IrSourceCompilerForInline.kt:91)
	at org.jetbrains.kotlin.codegen.inline.InlineCodegen.compileInline(InlineCodegen.kt:43)
	at org.jetbrains.kotlin.codegen.inline.InlineCodegen.performInline(InlineCodegen.kt:51)
	... 68 more


